SF:lib/src/catalog/catalog_bloc.dart
DA:9,1
DA:10,0
DA:11,0
DA:19,1
DA:20,1
DA:21,1
DA:30,1
DA:31,1
DA:32,2
DA:37,3
DA:38,2
DA:41,1
DA:45,2
DA:46,2
DA:47,1
DA:48,4
DA:49,2
LF:17
LH:15
end_of_record
SF:lib/src/catalog/item.dart
DA:13,3
DA:16,4
DA:17,2
DA:18,2
DA:19,4
DA:23,5
DA:25,0
DA:28,0
DA:29,0
DA:30,0
DA:31,0
DA:32,0
DA:34,0
DA:35,0
LF:14
LH:6
end_of_record
SF:lib/src/cart/receipt.dart
DA:13,1
DA:15,0
DA:16,0
DA:17,0
DA:18,0
DA:32,1
DA:41,0
DA:42,0
DA:43,0
DA:44,0
DA:45,0
DA:46,0
DA:47,0
DA:58,1
DA:64,0
DA:65,0
DA:66,0
DA:67,0
DA:72,1
DA:78,1
DA:79,1
DA:85,1
DA:86,1
DA:87,2
DA:88,2
DA:89,2
DA:90,1
DA:91,2
DA:92,1
DA:93,1
DA:96,1
DA:97,1
LF:32
LH:17
end_of_record
SF:lib/src/cart/models.dart
DA:16,2
DA:23,16
DA:26,2
DA:27,1
DA:28,1
DA:29,1
DA:33,2
DA:34,2
DA:35,1
DA:36,2
DA:40,2
DA:41,2
DA:42,1
DA:43,1
DA:46,1
DA:47,4
DA:65,4
DA:73,2
DA:74,2
DA:75,2
DA:76,2
DA:77,2
DA:81,2
DA:82,1
DA:83,1
DA:84,1
DA:85,1
DA:88,1
DA:89,5
DA:101,2
DA:104,2
DA:110,2
DA:111,5
DA:112,2
DA:116,2
DA:117,5
DA:118,2
DA:121,1
DA:122,3
LF:39
LH:39
end_of_record
SF:lib/src/util/money_extension.dart
DA:4,2
LF:1
LH:1
end_of_record
SF:lib/main.dart
DA:3,0
DA:4,0
DA:8,2
DA:11,1
DA:13,1
DA:15,1
DA:31,1
DA:39,1
DA:52,1
DA:53,1
DA:59,1
DA:60,2
DA:66,2
DA:70,1
DA:78,1
DA:79,1
DA:83,3
DA:86,3
DA:88,1
DA:91,1
DA:106,1
DA:108,1
DA:109,2
DA:110,3
DA:115,1
DA:116,1
LF:26
LH:24
end_of_record
SF:lib/src/cart/cart_bloc.dart
DA:8,1
DA:9,0
DA:10,0
DA:16,1
DA:17,0
DA:18,0
DA:24,0
DA:25,0
DA:26,0
DA:33,1
DA:34,0
DA:35,0
DA:42,1
DA:43,0
DA:44,0
DA:64,3
DA:65,2
DA:66,2
DA:67,2
DA:68,2
DA:69,2
DA:70,2
DA:71,2
DA:74,1
DA:75,2
DA:76,3
DA:77,0
DA:79,2
DA:82,1
DA:83,2
DA:84,9
DA:86,2
DA:87,3
DA:88,3
DA:90,0
DA:91,0
DA:92,0
DA:94,2
DA:97,0
DA:98,0
DA:100,0
DA:101,0
DA:104,1
DA:105,2
DA:106,8
DA:107,2
DA:108,2
DA:109,0
DA:112,3
DA:113,3
DA:114,3
DA:115,2
DA:118,1
DA:119,2
DA:120,8
DA:121,2
DA:122,3
DA:123,3
DA:124,4
DA:125,2
DA:128,1
DA:129,2
DA:130,2
DA:133,1
DA:134,2
DA:135,3
DA:136,3
DA:139,1
DA:140,2
DA:141,3
DA:142,3
DA:145,1
DA:148,2
DA:149,2
DA:150,7
DA:152,3
DA:153,3
DA:154,1
DA:155,1
DA:156,1
DA:157,2
DA:159,2
DA:165,1
DA:168,1
DA:170,0
DA:174,1
DA:175,1
LF:87
LH:66
end_of_record
